<?xml version="1.0" encoding="UTF-8"?>
<testng-results ignored="0" total="1" passed="1" failed="0" skipped="0">
  <reporter-output>
  </reporter-output>
  <suite started-at="2024-10-04T11:16:59 IST" name="Default suite" finished-at="2024-10-04T11:17:25 IST" duration-ms="25591">
    <groups>
    </groups>
    <test started-at="2024-10-04T11:16:59 IST" name="Default test" finished-at="2024-10-04T11:17:25 IST" duration-ms="25591">
      <class name="sanity.hamleys.SanityHamleyesAccountTestGithub">
        <test-method signature="testgitHubActions()[pri:0, instance:sanity.hamleys.SanityHamleyesAccountTestGithub@f14e5bf]" started-at="2024-10-04T11:17:03 IST" name="testgitHubActions" finished-at="2024-10-04T11:17:24 IST" duration-ms="20627" status="PASS">
          <reporter-output>
          </reporter-output>
        </test-method> <!-- testgitHubActions -->
      </class> <!-- sanity.hamleys.SanityHamleyesAccountTestGithub -->
    </test> <!-- Default test -->
  </suite> <!-- Default suite -->
</testng-results>
