<?xml version="1.0" encoding="UTF-8"?>
<testng-results ignored="0" total="1" passed="1" failed="0" skipped="0">
  <reporter-output>
  </reporter-output>
  <suite started-at="2024-04-04T18:24:14 IST" name="Local Test Suite" finished-at="2024-04-04T18:26:00 IST" duration-ms="105107">
    <groups>
    </groups>
    <test started-at="2024-04-04T18:24:14 IST" name="Local Tests" finished-at="2024-04-04T18:26:00 IST" duration-ms="105107">
      <class name="sanity.hamleys.SanityHamleysAddProductToWishlist">
        <test-method signature="testAddProductToWishlist()[pri:0, instance:sanity.hamleys.SanityHamleysAddProductToWishlist@64f555e7]" started-at="2024-04-04T18:24:23 IST" name="testAddProductToWishlist" finished-at="2024-04-04T18:25:47 IST" duration-ms="84428" status="PASS">
          <reporter-output>
          </reporter-output>
        </test-method> <!-- testAddProductToWishlist -->
      </class> <!-- sanity.hamleys.SanityHamleysAddProductToWishlist -->
    </test> <!-- Local Tests -->
  </suite> <!-- Local Test Suite -->
</testng-results>
