<?xml version="1.0" encoding="UTF-8"?>
<!-- Generated by org.testng.reporters.JUnitXMLReporter -->
<testsuite ignored="0" hostname="KRISH107" failures="1" tests="1" name="Local Tests" time="137.176" errors="0" timestamp="2024-09-06T16:39:59 IST">
  <testcase classname="sanity.hamleys.SanityHamleysShoppingCartValidation" name="testAddItemToCartValidation" time="117.381">
    <failure type="org.openqa.selenium.TimeoutException" message="Expected condition failed: waiting for visibility of element located by By.cssSelector: a.action.viewcart.button[title=&amp;apos;View Bag &amp;amp; Checkout&amp;apos;] (tried for 60 second(s) with 500 milliseconds interval)
Build info: version: &amp;apos;3.141.59&amp;apos;, revision: &amp;apos;e82be7d358&amp;apos;, time: &amp;apos;2018-11-14T08:17:03&amp;apos;
System info: host: &amp;apos;KRISH107&amp;apos;, ip: &amp;apos;172.20.10.12&amp;apos;, os.name: &amp;apos;Windows 10&amp;apos;, os.arch: &amp;apos;amd64&amp;apos;, os.version: &amp;apos;10.0&amp;apos;, java.version: &amp;apos;21.0.2&amp;apos;
Driver info: org.openqa.selenium.chrome.ChromeDriver
Capabilities {acceptInsecureCerts: false, browserName: chrome, browserVersion: 128.0.6613.115, chrome: {chromedriverVersion: 128.0.6613.119 (6e439cfca4d..., userDataDir: C:\Users\SHIVAM~1.KRI\AppDa...}, fedcm:accounts: true, goog:chromeOptions: {debuggerAddress: localhost:56315}, javascriptEnabled: true, networkConnectionEnabled: false, pageLoadStrategy: normal, platform: WINDOWS, platformName: WINDOWS, proxy: Proxy(), setWindowRect: true, strictFileInteractability: false, timeouts: {implicit: 0, pageLoad: 300000, script: 30000}, unhandledPromptBehavior: dismiss and notify, webauthn:extension:credBlob: true, webauthn:extension:largeBlob: true, webauthn:extension:minPinLength: true, webauthn:extension:prf: true, webauthn:virtualAuthenticators: true}
Session ID: c135dda1d1de19cf3f23ee48f5dcd7c6">
      <![CDATA[org.openqa.selenium.TimeoutException: Expected condition failed: waiting for visibility of element located by By.cssSelector: a.action.viewcart.button[title='View Bag & Checkout'] (tried for 60 second(s) with 500 milliseconds interval)
Build info: version: '3.141.59', revision: 'e82be7d358', time: '2018-11-14T08:17:03'
System info: host: 'KRISH107', ip: '172.20.10.12', os.name: 'Windows 10', os.arch: 'amd64', os.version: '10.0', java.version: '21.0.2'
Driver info: org.openqa.selenium.chrome.ChromeDriver
Capabilities {acceptInsecureCerts: false, browserName: chrome, browserVersion: 128.0.6613.115, chrome: {chromedriverVersion: 128.0.6613.119 (6e439cfca4d..., userDataDir: C:\Users\SHIVAM~1.KRI\AppDa...}, fedcm:accounts: true, goog:chromeOptions: {debuggerAddress: localhost:56315}, javascriptEnabled: true, networkConnectionEnabled: false, pageLoadStrategy: normal, platform: WINDOWS, platformName: WINDOWS, proxy: Proxy(), setWindowRect: true, strictFileInteractability: false, timeouts: {implicit: 0, pageLoad: 300000, script: 30000}, unhandledPromptBehavior: dismiss and notify, webauthn:extension:credBlob: true, webauthn:extension:largeBlob: true, webauthn:extension:minPinLength: true, webauthn:extension:prf: true, webauthn:virtualAuthenticators: true}
Session ID: c135dda1d1de19cf3f23ee48f5dcd7c6
at org.openqa.selenium.support.ui.WebDriverWait.timeoutException(WebDriverWait.java:95)
at org.openqa.selenium.support.ui.FluentWait.until(FluentWait.java:272)
at common.UtilitiesCommon.waitForElementIsVisible(UtilitiesCommon.java:927)
at common.UtilitiesCommon.getElement(UtilitiesCommon.java:709)
at common.UtilitiesCommon.click(UtilitiesCommon.java:822)
at page.Hamleys.HamleysShoppingCartValidation.testAccessMiniCart(HamleysShoppingCartValidation.java:30)
at sanity.hamleys.SanityHamleysShoppingCartValidation.testAddItemToCartValidation(SanityHamleysShoppingCartValidation.java:22)
at java.base/java.util.ArrayList.forEach(ArrayList.java:1596)
... Removed 25 stack frames]]>
    </failure>
  </testcase> <!-- testAddItemToCartValidation -->
</testsuite> <!-- Local Tests -->
